<?xml version="1.0" encoding="UTF-8"?>
<testng-results ignored="0" total="1" passed="1" failed="0" skipped="0">
  <reporter-output>
    <line>
      <![CDATA[The details matched from imdb as well as wikipedia]]>
    </line>
  </reporter-output>
  <suite started-at="2022-11-06T22:53:31 IST" name="Suite" finished-at="2022-11-06T22:53:51 IST" duration-ms="19380">
    <groups>
    </groups>
    <test started-at="2022-11-06T22:53:31 IST" name="Test" finished-at="2022-11-06T22:53:51 IST" duration-ms="19380">
      <class name="moviTest.CompareMovieDetailsTest">
        <test-method is-config="true" signature="beforeClass()[pri:0, instance:moviTest.CompareMovieDetailsTest@28f2a10f]" started-at="2022-11-06T22:53:31 IST" name="beforeClass" finished-at="2022-11-06T22:53:36 IST" duration-ms="4756" status="PASS">
          <reporter-output>
          </reporter-output>
        </test-method> <!-- beforeClass -->
        <test-method signature="movieDetails()[pri:0, instance:moviTest.CompareMovieDetailsTest@28f2a10f]" started-at="2022-11-06T22:53:36 IST" name="movieDetails" finished-at="2022-11-06T22:53:50 IST" duration-ms="13601" status="PASS">
          <reporter-output>
            <line>
              <![CDATA[The details matched from imdb as well as wikipedia]]>
            </line>
          </reporter-output>
        </test-method> <!-- movieDetails -->
        <test-method is-config="true" signature="closeDriver()[pri:0, instance:moviTest.CompareMovieDetailsTest@28f2a10f]" started-at="2022-11-06T22:53:50 IST" name="closeDriver" finished-at="2022-11-06T22:53:51 IST" duration-ms="946" status="PASS">
          <reporter-output>
          </reporter-output>
        </test-method> <!-- closeDriver -->
      </class> <!-- moviTest.CompareMovieDetailsTest -->
    </test> <!-- Test -->
  </suite> <!-- Suite -->
</testng-results>
